[2019-09-18 10:58:09] production.DEBUG: select * from information_schema.tables where table_schema = ? and table_name = ? {"params":["casino","migrations"],"time":38.7} 
[2019-09-18 10:58:09] production.DEBUG: select `migration` from `migrations` order by `batch` asc, `migration` asc {"params":[],"time":1.29} 
[2019-09-18 10:58:19] production.DEBUG: select * from `games` where `status` = ? order by `id` desc limit 5 {"params":[1],"time":20.74} 
[2019-09-18 10:58:19] production.DEBUG: select * from `accounts` where `accounts`.`id` in (1) {"params":[],"time":0.81} 
[2019-09-18 10:58:19] production.DEBUG: select * from `users` where `users`.`id` in (1) {"params":[],"time":1.57} 
[2019-09-18 10:58:19] production.ERROR: Class 'Packages\GameRoulette\Models\GameRoulette' not found {"exception":"[object] (Symfony\\Component\\Debug\\Exception\\FatalThrowableError(code: 0): Class 'Packages\\GameRoulette\\Models\\GameRoulette' not found at /var/www/vendor/laravel/framework/src/Illuminate/Database/Eloquent/Relations/MorphTo.php:144)
[stacktrace]
#0 /var/www/vendor/laravel/framework/src/Illuminate/Database/Eloquent/Relations/MorphTo.php(108): Illuminate\\Database\\Eloquent\\Relations\\MorphTo->createModelByType('Packages\\\\GameRo...')
#1 /var/www/vendor/laravel/framework/src/Illuminate/Database/Eloquent/Relations/MorphTo.php(94): Illuminate\\Database\\Eloquent\\Relations\\MorphTo->getResultsByType('Packages\\\\GameRo...')
#2 /var/www/vendor/laravel/framework/src/Illuminate/Database/Eloquent/Builder.php(567): Illuminate\\Database\\Eloquent\\Relations\\MorphTo->getEager()
#3 /var/www/vendor/laravel/framework/src/Illuminate/Database/Eloquent/Builder.php(536): Illuminate\\Database\\Eloquent\\Builder->eagerLoadRelation(Array, 'gameable', Object(Closure))
#4 /var/www/vendor/laravel/framework/src/Illuminate/Database/Eloquent/Builder.php(504): Illuminate\\Database\\Eloquent\\Builder->eagerLoadRelations(Array)
#5 /var/www/app/Http/Controllers/Frontend/PageController.php(22): Illuminate\\Database\\Eloquent\\Builder->get()
#6 [internal function]: App\\Http\\Controllers\\Frontend\\PageController->index()
#7 /var/www/vendor/laravel/framework/src/Illuminate/Routing/Controller.php(54): call_user_func_array(Array, Array)
#8 /var/www/vendor/laravel/framework/src/Illuminate/Routing/ControllerDispatcher.php(45): Illuminate\\Routing\\Controller->callAction('index', Array)
#9 /var/www/vendor/laravel/framework/src/Illuminate/Routing/Route.php(219): Illuminate\\Routing\\ControllerDispatcher->dispatch(Object(Illuminate\\Routing\\Route), Object(App\\Http\\Controllers\\Frontend\\PageController), 'index')
#10 /var/www/vendor/laravel/framework/src/Illuminate/Routing/Route.php(176): Illuminate\\Routing\\Route->runController()
#11 /var/www/vendor/laravel/framework/src/Illuminate/Routing/Router.php(682): Illuminate\\Routing\\Route->run()
#12 /var/www/vendor/laravel/framework/src/Illuminate/Routing/Pipeline.php(30): Illuminate\\Routing\\Router->Illuminate\\Routing\\{closure}(Object(Illuminate\\Http\\Request))
#13 /var/www/app/Http/Middleware/RememberReferrerUser.php(18): Illuminate\\Routing\\Pipeline->Illuminate\\Routing\\{closure}(Object(Illuminate\\Http\\Request))
#14 /var/www/vendor/laravel/framework/src/Illuminate/Pipeline/Pipeline.php(163): App\\Http\\Middleware\\RememberReferrerUser->handle(Object(Illuminate\\Http\\Request), Object(Closure))
#15 /var/www/vendor/laravel/framework/src/Illuminate/Routing/Pipeline.php(53): Illuminate\\Pipeline\\Pipeline->Illuminate\\Pipeline\\{closure}(Object(Illuminate\\Http\\Request))
#16 /var/www/app/Http/Middleware/Locale.php(31): Illuminate\\Routing\\Pipeline->Illuminate\\Routing\\{closure}(Object(Illuminate\\Http\\Request))
#17 /var/www/vendor/laravel/framework/src/Illuminate/Pipeline/Pipeline.php(163): App\\Http\\Middleware\\Locale->handle(Object(Illuminate\\Http\\Request), Object(Closure))
#18 /var/www/vendor/laravel/framework/src/Illuminate/Routing/Pipeline.php(53): Illuminate\\Pipeline\\Pipeline->Illuminate\\Pipeline\\{closure}(Object(Illuminate\\Http\\Request))
#19 /var/www/app/Http/Middleware/CheckForMaintenanceMode.php(38): Illuminate\\Routing\\Pipeline->Illuminate\\Routing\\{closure}(Object(Illuminate\\Http\\Request))
#20 /var/www/vendor/laravel/framework/src/Illuminate/Pipeline/Pipeline.php(163): App\\Http\\Middleware\\CheckForMaintenanceMode->handle(Object(Illuminate\\Http\\Request), Object(Closure))
#21 /var/www/vendor/laravel/framework/src/Illuminate/Routing/Pipeline.php(53): Illuminate\\Pipeline\\Pipeline->Illuminate\\Pipeline\\{closure}(Object(Illuminate\\Http\\Request))
#22 /var/www/vendor/laravel/framework/src/Illuminate/Routing/Middleware/SubstituteBindings.php(41): Illuminate\\Routing\\Pipeline->Illuminate\\Routing\\{closure}(Object(Illuminate\\Http\\Request))
#23 /var/www/vendor/laravel/framework/src/Illuminate/Pipeline/Pipeline.php(163): Illuminate\\Routing\\Middleware\\SubstituteBindings->handle(Object(Illuminate\\Http\\Request), Object(Closure))
#24 /var/www/vendor/laravel/framework/src/Illuminate/Routing/Pipeline.php(53): Illuminate\\Pipeline\\Pipeline->Illuminate\\Pipeline\\{closure}(Object(Illuminate\\Http\\Request))
#25 /var/www/vendor/laravel/framework/src/Illuminate/Foundation/Http/Middleware/VerifyCsrfToken.php(75): Illuminate\\Routing\\Pipeline->Illuminate\\Routing\\{closure}(Object(Illuminate\\Http\\Request))
#26 /var/www/vendor/laravel/framework/src/Illuminate/Pipeline/Pipeline.php(163): Illuminate\\Foundation\\Http\\Middleware\\VerifyCsrfToken->handle(Object(Illuminate\\Http\\Request), Object(Closure))
#27 /var/www/vendor/laravel/framework/src/Illuminate/Routing/Pipeline.php(53): Illuminate\\Pipeline\\Pipeline->Illuminate\\Pipeline\\{closure}(Object(Illuminate\\Http\\Request))
#28 /var/www/vendor/laravel/framework/src/Illuminate/View/Middleware/ShareErrorsFromSession.php(49): Illuminate\\Routing\\Pipeline->Illuminate\\Routing\\{closure}(Object(Illuminate\\Http\\Request))
#29 /var/www/vendor/laravel/framework/src/Illuminate/Pipeline/Pipeline.php(163): Illuminate\\View\\Middleware\\ShareErrorsFromSession->handle(Object(Illuminate\\Http\\Request), Object(Closure))
#30 /var/www/vendor/laravel/framework/src/Illuminate/Routing/Pipeline.php(53): Illuminate\\Pipeline\\Pipeline->Illuminate\\Pipeline\\{closure}(Object(Illuminate\\Http\\Request))
#31 /var/www/vendor/laravel/framework/src/Illuminate/Session/Middleware/StartSession.php(63): Illuminate\\Routing\\Pipeline->Illuminate\\Routing\\{closure}(Object(Illuminate\\Http\\Request))
#32 /var/www/vendor/laravel/framework/src/Illuminate/Pipeline/Pipeline.php(163): Illuminate\\Session\\Middleware\\StartSession->handle(Object(Illuminate\\Http\\Request), Object(Closure))
#33 /var/www/vendor/laravel/framework/src/Illuminate/Routing/Pipeline.php(53): Illuminate\\Pipeline\\Pipeline->Illuminate\\Pipeline\\{closure}(Object(Illuminate\\Http\\Request))
#34 /var/www/vendor/laravel/framework/src/Illuminate/Cookie/Middleware/AddQueuedCookiesToResponse.php(37): Illuminate\\Routing\\Pipeline->Illuminate\\Routing\\{closure}(Object(Illuminate\\Http\\Request))
#35 /var/www/vendor/laravel/framework/src/Illuminate/Pipeline/Pipeline.php(163): Illuminate\\Cookie\\Middleware\\AddQueuedCookiesToResponse->handle(Object(Illuminate\\Http\\Request), Object(Closure))
#36 /var/www/vendor/laravel/framework/src/Illuminate/Routing/Pipeline.php(53): Illuminate\\Pipeline\\Pipeline->Illuminate\\Pipeline\\{closure}(Object(Illuminate\\Http\\Request))
#37 /var/www/vendor/laravel/framework/src/Illuminate/Cookie/Middleware/EncryptCookies.php(66): Illuminate\\Routing\\Pipeline->Illuminate\\Routing\\{closure}(Object(Illuminate\\Http\\Request))
#38 /var/www/app/Http/Middleware/EncryptCookies.php(25): Illuminate\\Cookie\\Middleware\\EncryptCookies->handle(Object(Illuminate\\Http\\Request), Object(Closure))
#39 /var/www/vendor/laravel/framework/src/Illuminate/Pipeline/Pipeline.php(163): App\\Http\\Middleware\\EncryptCookies->handle(Object(Illuminate\\Http\\Request), Object(Closure))
#40 /var/www/vendor/laravel/framework/src/Illuminate/Routing/Pipeline.php(53): Illuminate\\Pipeline\\Pipeline->Illuminate\\Pipeline\\{closure}(Object(Illuminate\\Http\\Request))
#41 /var/www/vendor/laravel/framework/src/Illuminate/Pipeline/Pipeline.php(104): Illuminate\\Routing\\Pipeline->Illuminate\\Routing\\{closure}(Object(Illuminate\\Http\\Request))
#42 /var/www/vendor/laravel/framework/src/Illuminate/Routing/Router.php(684): Illuminate\\Pipeline\\Pipeline->then(Object(Closure))
#43 /var/www/vendor/laravel/framework/src/Illuminate/Routing/Router.php(659): Illuminate\\Routing\\Router->runRouteWithinStack(Object(Illuminate\\Routing\\Route), Object(Illuminate\\Http\\Request))
#44 /var/www/vendor/laravel/framework/src/Illuminate/Routing/Router.php(625): Illuminate\\Routing\\Router->runRoute(Object(Illuminate\\Http\\Request), Object(Illuminate\\Routing\\Route))
#45 /var/www/vendor/laravel/framework/src/Illuminate/Routing/Router.php(614): Illuminate\\Routing\\Router->dispatchToRoute(Object(Illuminate\\Http\\Request))
#46 /var/www/vendor/laravel/framework/src/Illuminate/Foundation/Http/Kernel.php(176): Illuminate\\Routing\\Router->dispatch(Object(Illuminate\\Http\\Request))
#47 /var/www/vendor/laravel/framework/src/Illuminate/Routing/Pipeline.php(30): Illuminate\\Foundation\\Http\\Kernel->Illuminate\\Foundation\\Http\\{closure}(Object(Illuminate\\Http\\Request))
#48 /var/www/vendor/fideloper/proxy/src/TrustProxies.php(57): Illuminate\\Routing\\Pipeline->Illuminate\\Routing\\{closure}(Object(Illuminate\\Http\\Request))
#49 /var/www/vendor/laravel/framework/src/Illuminate/Pipeline/Pipeline.php(163): Fideloper\\Proxy\\TrustProxies->handle(Object(Illuminate\\Http\\Request), Object(Closure))
#50 /var/www/vendor/laravel/framework/src/Illuminate/Routing/Pipeline.php(53): Illuminate\\Pipeline\\Pipeline->Illuminate\\Pipeline\\{closure}(Object(Illuminate\\Http\\Request))
#51 /var/www/vendor/laravel/framework/src/Illuminate/Foundation/Http/Middleware/TransformsRequest.php(31): Illuminate\\Routing\\Pipeline->Illuminate\\Routing\\{closure}(Object(Illuminate\\Http\\Request))
#52 /var/www/vendor/laravel/framework/src/Illuminate/Pipeline/Pipeline.php(163): Illuminate\\Foundation\\Http\\Middleware\\TransformsRequest->handle(Object(Illuminate\\Http\\Request), Object(Closure))
#53 /var/www/vendor/laravel/framework/src/Illuminate/Routing/Pipeline.php(53): Illuminate\\Pipeline\\Pipeline->Illuminate\\Pipeline\\{closure}(Object(Illuminate\\Http\\Request))
#54 /var/www/vendor/laravel/framework/src/Illuminate/Foundation/Http/Middleware/TransformsRequest.php(31): Illuminate\\Routing\\Pipeline->Illuminate\\Routing\\{closure}(Object(Illuminate\\Http\\Request))
#55 /var/www/vendor/laravel/framework/src/Illuminate/Pipeline/Pipeline.php(163): Illuminate\\Foundation\\Http\\Middleware\\TransformsRequest->handle(Object(Illuminate\\Http\\Request), Object(Closure))
#56 /var/www/vendor/laravel/framework/src/Illuminate/Routing/Pipeline.php(53): Illuminate\\Pipeline\\Pipeline->Illuminate\\Pipeline\\{closure}(Object(Illuminate\\Http\\Request))
#57 /var/www/vendor/laravel/framework/src/Illuminate/Foundation/Http/Middleware/ValidatePostSize.php(27): Illuminate\\Routing\\Pipeline->Illuminate\\Routing\\{closure}(Object(Illuminate\\Http\\Request))
#58 /var/www/vendor/laravel/framework/src/Illuminate/Pipeline/Pipeline.php(163): Illuminate\\Foundation\\Http\\Middleware\\ValidatePostSize->handle(Object(Illuminate\\Http\\Request), Object(Closure))
#59 /var/www/vendor/laravel/framework/src/Illuminate/Routing/Pipeline.php(53): Illuminate\\Pipeline\\Pipeline->Illuminate\\Pipeline\\{closure}(Object(Illuminate\\Http\\Request))
#60 /var/www/vendor/laravel/framework/src/Illuminate/Pipeline/Pipeline.php(104): Illuminate\\Routing\\Pipeline->Illuminate\\Routing\\{closure}(Object(Illuminate\\Http\\Request))
#61 /var/www/vendor/laravel/framework/src/Illuminate/Foundation/Http/Kernel.php(151): Illuminate\\Pipeline\\Pipeline->then(Object(Closure))
#62 /var/www/vendor/laravel/framework/src/Illuminate/Foundation/Http/Kernel.php(116): Illuminate\\Foundation\\Http\\Kernel->sendRequestThroughRouter(Object(Illuminate\\Http\\Request))
#63 /var/www/public/index.php(55): Illuminate\\Foundation\\Http\\Kernel->handle(Object(Illuminate\\Http\\Request))
#64 {main}
"} 
[2019-09-18 10:58:48] production.DEBUG: select * from `games` where `status` = ? order by `id` desc limit 5 {"params":[1],"time":5.43} 
[2019-09-18 10:58:48] production.DEBUG: select * from `accounts` where `accounts`.`id` in (1) {"params":[],"time":0.66} 
[2019-09-18 10:58:48] production.DEBUG: select * from `users` where `users`.`id` in (1) {"params":[],"time":0.67} 
[2019-09-18 10:58:48] production.DEBUG: select * from `game_roulette` where `game_roulette`.`id` in (?, ?, ?, ?, ?) {"params":[24,23,22,21,20],"time":0.75} 
[2019-09-18 10:58:48] production.DEBUG: select * from `games` where `status` = ? order by `win` desc limit 1 {"params":[1],"time":0.95} 
[2019-09-18 10:58:48] production.DEBUG: select * from `accounts` where `accounts`.`id` in (1) {"params":[],"time":1.29} 
[2019-09-18 10:58:48] production.DEBUG: select * from `users` where `users`.`id` in (1) {"params":[],"time":0.9} 
[2019-09-18 10:58:48] production.DEBUG: select * from `game_roulette` where `game_roulette`.`id` = ? limit 1 {"params":[2],"time":0.97} 
[2019-09-18 10:58:54] production.DEBUG: select * from `users` where `email` = ? and `status` = ? limit 1 {"params":["e@e.com",0],"time":5.04} 
[2019-09-18 10:58:54] production.DEBUG: update `users` set `last_login_at` = ?, `updated_at` = ? where `id` = ? {"params":["2019-09-18 10:58:54","2019-09-18 10:58:54",1],"time":2.1} 
[2019-09-18 10:58:54] production.DEBUG: select * from `accounts` where `accounts`.`user_id` = ? and `accounts`.`user_id` is not null limit 1 {"params":[1],"time":1.25} 
[2019-09-18 10:58:54] production.DEBUG: select * from `users` where `id` = ? limit 1 {"params":[1],"time":8.14} 
[2019-09-18 10:58:54] production.DEBUG: select * from `accounts` where `accounts`.`user_id` = ? and `accounts`.`user_id` is not null limit 1 {"params":[1],"time":0.93} 
[2019-09-18 10:58:54] production.DEBUG: select * from `games` where (`gameable_type` = ? and `status` = ? and `account_id` = ?) order by `id` desc limit 1 {"params":["Packages\\GameRoulette\\Models\\GameRoulette",-1,1],"time":0.98} 
[2019-09-18 10:58:54] production.DEBUG: select * from `accounts` where `accounts`.`id` = ? limit 1 {"params":[1],"time":0.95} 
[2019-09-18 10:58:54] production.DEBUG: select * from `users` where `id` = ? limit 1 {"params":[1],"time":9.96} 
[2019-09-18 10:58:54] production.DEBUG: select * from `users` where `id` = ? limit 1 {"params":[1],"time":5.22} 
[2019-09-18 10:59:07] production.DEBUG: select * from `users` where `id` = ? limit 1 {"params":[1],"time":6.02} 
[2019-09-18 10:59:07] production.DEBUG: select * from `accounts` where `accounts`.`user_id` = ? and `accounts`.`user_id` is not null limit 1 {"params":[1],"time":0.83} 
[2019-09-18 10:59:07] production.DEBUG: select * from `games` where (`gameable_type` = ? and `status` = ? and `account_id` = ?) order by `id` desc limit 1 {"params":["Packages\\GameRoulette\\Models\\GameRoulette",-1,1],"time":0.99} 
[2019-09-18 10:59:07] production.DEBUG: select * from `accounts` where `accounts`.`id` = ? limit 1 {"params":[1],"time":1.01} 
[2019-09-18 10:59:07] production.DEBUG: select * from `users` where `id` = ? limit 1 {"params":[1],"time":10.06} 
[2019-09-18 10:59:07] production.DEBUG: select * from `users` where `id` = ? limit 1 {"params":[1],"time":11.13} 
[2019-09-18 10:59:17] production.DEBUG: select * from `users` where `id` = ? limit 1 {"params":[1],"time":4.42} 
[2019-09-18 10:59:17] production.DEBUG: select * from `accounts` where `accounts`.`user_id` = ? and `accounts`.`user_id` is not null limit 1 {"params":[1],"time":1.34} 
[2019-09-18 10:59:17] production.DEBUG: select * from `games` where (`gameable_type` = ? and `status` = ? and `account_id` = ?) order by `id` desc limit 1 {"params":["Packages\\GameRoulette\\Models\\GameRoulette",-1,1],"time":1.45} 
[2019-09-18 10:59:17] production.DEBUG: select * from `accounts` where `accounts`.`id` = ? limit 1 {"params":[1],"time":1.19} 
[2019-09-18 10:59:17] production.DEBUG: select * from `users` where `id` = ? limit 1 {"params":[1],"time":5.66} 
[2019-09-18 10:59:17] production.DEBUG: select * from `users` where `id` = ? limit 1 {"params":[1],"time":5.47} 
[2019-09-18 10:59:20] production.DEBUG: select * from `users` where `id` = ? limit 1 {"params":[1],"time":9.04} 
[2019-09-18 10:59:20] production.DEBUG: select * from `accounts` where `accounts`.`user_id` = ? and `accounts`.`user_id` is not null limit 1 {"params":[1],"time":2.05} 
[2019-09-18 10:59:20] production.DEBUG: select * from `games` where (`gameable_type` = ? and `status` = ? and `account_id` = ?) order by `id` desc limit 1 {"params":["Packages\\GameVideoPoker\\Models\\GameVideoPoker",-1,1],"time":1.55} 
[2019-09-18 10:59:20] production.ERROR: SQLSTATE[42S02]: Base table or view not found: 1146 Table 'casino.game_video_poker' doesn't exist (SQL: insert into `game_video_poker` (`bet_coins`, `bet_amount`, `deck`, `updated_at`, `created_at`) values (0, 0, c2,c3,c4,c5,c6,c7,c8,c9,ct,cj,cq,ck,ca,d2,d3,d4,d5,d6,d7,d8,d9,dt,dj,dq,dk,da,h2,h3,h4,h5,h6,h7,h8,h9,ht,hj,hq,hk,ha,s2,s3,s4,s5,s6,s7,s8,s9,st,sj,sq,sk,sa, 2019-09-18 10:59:20, 2019-09-18 10:59:20)) {"userId":1,"email":"e@e.com","exception":"[object] (Illuminate\\Database\\QueryException(code: 42S02): SQLSTATE[42S02]: Base table or view not found: 1146 Table 'casino.game_video_poker' doesn't exist (SQL: insert into `game_video_poker` (`bet_coins`, `bet_amount`, `deck`, `updated_at`, `created_at`) values (0, 0, c2,c3,c4,c5,c6,c7,c8,c9,ct,cj,cq,ck,ca,d2,d3,d4,d5,d6,d7,d8,d9,dt,dj,dq,dk,da,h2,h3,h4,h5,h6,h7,h8,h9,ht,hj,hq,hk,ha,s2,s3,s4,s5,s6,s7,s8,s9,st,sj,sq,sk,sa, 2019-09-18 10:59:20, 2019-09-18 10:59:20)) at /var/www/vendor/laravel/framework/src/Illuminate/Database/Connection.php:664, PDOException(code: 42S02): SQLSTATE[42S02]: Base table or view not found: 1146 Table 'casino.game_video_poker' doesn't exist at /var/www/vendor/laravel/framework/src/Illuminate/Database/Connection.php:452)
[stacktrace]
#0 /var/www/vendor/laravel/framework/src/Illuminate/Database/Connection.php(624): Illuminate\\Database\\Connection->runQueryCallback('insert into `ga...', Array, Object(Closure))
#1 /var/www/vendor/laravel/framework/src/Illuminate/Database/Connection.php(459): Illuminate\\Database\\Connection->run('insert into `ga...', Array, Object(Closure))
#2 /var/www/vendor/laravel/framework/src/Illuminate/Database/Connection.php(411): Illuminate\\Database\\Connection->statement('insert into `ga...', Array)
#3 /var/www/vendor/laravel/framework/src/Illuminate/Database/Query/Processors/Processor.php(32): Illuminate\\Database\\Connection->insert('insert into `ga...', Array)
#4 /var/www/vendor/laravel/framework/src/Illuminate/Database/Query/Builder.php(2628): Illuminate\\Database\\Query\\Processors\\Processor->processInsertGetId(Object(Illuminate\\Database\\Query\\Builder), 'insert into `ga...', Array, 'id')
#5 /var/www/vendor/laravel/framework/src/Illuminate/Database/Eloquent/Builder.php(1338): Illuminate\\Database\\Query\\Builder->insertGetId(Array, 'id')
#6 /var/www/vendor/laravel/framework/src/Illuminate/Database/Eloquent/Model.php(823): Illuminate\\Database\\Eloquent\\Builder->__call('insertGetId', Array)
#7 /var/www/vendor/laravel/framework/src/Illuminate/Database/Eloquent/Model.php(788): Illuminate\\Database\\Eloquent\\Model->insertAndSetId(Object(Illuminate\\Database\\Eloquent\\Builder), Array)
#8 /var/www/vendor/laravel/framework/src/Illuminate/Database/Eloquent/Model.php(651): Illuminate\\Database\\Eloquent\\Model->performInsert(Object(Illuminate\\Database\\Eloquent\\Builder))
#9 /var/www/packages/game-video-poker/src/Services/GameVideoPokerService.php(28): Illuminate\\Database\\Eloquent\\Model->save()
#10 /var/www/app/Services/GameService.php(70): Packages\\GameVideoPoker\\Services\\GameVideoPokerService->createGameable()
#11 /var/www/app/Services/GameService.php(43): App\\Services\\GameService->create()
#12 /var/www/packages/game-video-poker/src/Http/Controllers/Frontend/GameVideoPokerController.php(17): App\\Services\\GameService->init()
#13 [internal function]: Packages\\GameVideoPoker\\Http\\Controllers\\Frontend\\GameVideoPokerController->show(Object(Packages\\GameVideoPoker\\Services\\GameVideoPokerService))
#14 /var/www/vendor/laravel/framework/src/Illuminate/Routing/Controller.php(54): call_user_func_array(Array, Array)
#15 /var/www/vendor/laravel/framework/src/Illuminate/Routing/ControllerDispatcher.php(45): Illuminate\\Routing\\Controller->callAction('show', Array)
#16 /var/www/vendor/laravel/framework/src/Illuminate/Routing/Route.php(219): Illuminate\\Routing\\ControllerDispatcher->dispatch(Object(Illuminate\\Routing\\Route), Object(Packages\\GameVideoPoker\\Http\\Controllers\\Frontend\\GameVideoPokerController), 'show')
#17 /var/www/vendor/laravel/framework/src/Illuminate/Routing/Route.php(176): Illuminate\\Routing\\Route->runController()
#18 /var/www/vendor/laravel/framework/src/Illuminate/Routing/Router.php(682): Illuminate\\Routing\\Route->run()
#19 /var/www/vendor/laravel/framework/src/Illuminate/Routing/Pipeline.php(30): Illuminate\\Routing\\Router->Illuminate\\Routing\\{closure}(Object(Illuminate\\Http\\Request))
#20 /var/www/app/Http/Middleware/TwoFactorAuthentication.php(30): Illuminate\\Routing\\Pipeline->Illuminate\\Routing\\{closure}(Object(Illuminate\\Http\\Request))
#21 /var/www/vendor/laravel/framework/src/Illuminate/Pipeline/Pipeline.php(163): App\\Http\\Middleware\\TwoFactorAuthentication->handle(Object(Illuminate\\Http\\Request), Object(Closure))
#22 /var/www/vendor/laravel/framework/src/Illuminate/Routing/Pipeline.php(53): Illuminate\\Pipeline\\Pipeline->Illuminate\\Pipeline\\{closure}(Object(Illuminate\\Http\\Request))
#23 /var/www/app/Http/Middleware/CheckEmailIsVerified.php(26): Illuminate\\Routing\\Pipeline->Illuminate\\Routing\\{closure}(Object(Illuminate\\Http\\Request))
#24 /var/www/vendor/laravel/framework/src/Illuminate/Pipeline/Pipeline.php(163): App\\Http\\Middleware\\CheckEmailIsVerified->handle(Object(Illuminate\\Http\\Request), Object(Closure))
#25 /var/www/vendor/laravel/framework/src/Illuminate/Routing/Pipeline.php(53): Illuminate\\Pipeline\\Pipeline->Illuminate\\Pipeline\\{closure}(Object(Illuminate\\Http\\Request))
#26 /var/www/app/Http/Middleware/LogoutIfBlocked.php(25): Illuminate\\Routing\\Pipeline->Illuminate\\Routing\\{closure}(Object(Illuminate\\Http\\Request))
#27 /var/www/vendor/laravel/framework/src/Illuminate/Pipeline/Pipeline.php(163): App\\Http\\Middleware\\LogoutIfBlocked->handle(Object(Illuminate\\Http\\Request), Object(Closure))
#28 /var/www/vendor/laravel/framework/src/Illuminate/Routing/Pipeline.php(53): Illuminate\\Pipeline\\Pipeline->Illuminate\\Pipeline\\{closure}(Object(Illuminate\\Http\\Request))
#29 /var/www/app/Http/Middleware/Locale.php(31): Illuminate\\Routing\\Pipeline->Illuminate\\Routing\\{closure}(Object(Illuminate\\Http\\Request))
#30 /var/www/vendor/laravel/framework/src/Illuminate/Pipeline/Pipeline.php(163): App\\Http\\Middleware\\Locale->handle(Object(Illuminate\\Http\\Request), Object(Closure))
#31 /var/www/vendor/laravel/framework/src/Illuminate/Routing/Pipeline.php(53): Illuminate\\Pipeline\\Pipeline->Illuminate\\Pipeline\\{closure}(Object(Illuminate\\Http\\Request))
#32 /var/www/app/Http/Middleware/CheckForMaintenanceMode.php(38): Illuminate\\Routing\\Pipeline->Illuminate\\Routing\\{closure}(Object(Illuminate\\Http\\Request))
#33 /var/www/vendor/laravel/framework/src/Illuminate/Pipeline/Pipeline.php(163): App\\Http\\Middleware\\CheckForMaintenanceMode->handle(Object(Illuminate\\Http\\Request), Object(Closure))
#34 /var/www/vendor/laravel/framework/src/Illuminate/Routing/Pipeline.php(53): Illuminate\\Pipeline\\Pipeline->Illuminate\\Pipeline\\{closure}(Object(Illuminate\\Http\\Request))
#35 /var/www/vendor/laravel/framework/src/Illuminate/Routing/Middleware/SubstituteBindings.php(41): Illuminate\\Routing\\Pipeline->Illuminate\\Routing\\{closure}(Object(Illuminate\\Http\\Request))
#36 /var/www/vendor/laravel/framework/src/Illuminate/Pipeline/Pipeline.php(163): Illuminate\\Routing\\Middleware\\SubstituteBindings->handle(Object(Illuminate\\Http\\Request), Object(Closure))
#37 /var/www/vendor/laravel/framework/src/Illuminate/Routing/Pipeline.php(53): Illuminate\\Pipeline\\Pipeline->Illuminate\\Pipeline\\{closure}(Object(Illuminate\\Http\\Request))
#38 /var/www/vendor/laravel/framework/src/Illuminate/Auth/Middleware/Authenticate.php(43): Illuminate\\Routing\\Pipeline->Illuminate\\Routing\\{closure}(Object(Illuminate\\Http\\Request))
#39 /var/www/vendor/laravel/framework/src/Illuminate/Pipeline/Pipeline.php(163): Illuminate\\Auth\\Middleware\\Authenticate->handle(Object(Illuminate\\Http\\Request), Object(Closure))
#40 /var/www/vendor/laravel/framework/src/Illuminate/Routing/Pipeline.php(53): Illuminate\\Pipeline\\Pipeline->Illuminate\\Pipeline\\{closure}(Object(Illuminate\\Http\\Request))
#41 /var/www/vendor/laravel/framework/src/Illuminate/Foundation/Http/Middleware/VerifyCsrfToken.php(75): Illuminate\\Routing\\Pipeline->Illuminate\\Routing\\{closure}(Object(Illuminate\\Http\\Request))
#42 /var/www/vendor/laravel/framework/src/Illuminate/Pipeline/Pipeline.php(163): Illuminate\\Foundation\\Http\\Middleware\\VerifyCsrfToken->handle(Object(Illuminate\\Http\\Request), Object(Closure))
#43 /var/www/vendor/laravel/framework/src/Illuminate/Routing/Pipeline.php(53): Illuminate\\Pipeline\\Pipeline->Illuminate\\Pipeline\\{closure}(Object(Illuminate\\Http\\Request))
#44 /var/www/vendor/laravel/framework/src/Illuminate/View/Middleware/ShareErrorsFromSession.php(49): Illuminate\\Routing\\Pipeline->Illuminate\\Routing\\{closure}(Object(Illuminate\\Http\\Request))
#45 /var/www/vendor/laravel/framework/src/Illuminate/Pipeline/Pipeline.php(163): Illuminate\\View\\Middleware\\ShareErrorsFromSession->handle(Object(Illuminate\\Http\\Request), Object(Closure))
#46 /var/www/vendor/laravel/framework/src/Illuminate/Routing/Pipeline.php(53): Illuminate\\Pipeline\\Pipeline->Illuminate\\Pipeline\\{closure}(Object(Illuminate\\Http\\Request))
#47 /var/www/vendor/laravel/framework/src/Illuminate/Session/Middleware/StartSession.php(63): Illuminate\\Routing\\Pipeline->Illuminate\\Routing\\{closure}(Object(Illuminate\\Http\\Request))
#48 /var/www/vendor/laravel/framework/src/Illuminate/Pipeline/Pipeline.php(163): Illuminate\\Session\\Middleware\\StartSession->handle(Object(Illuminate\\Http\\Request), Object(Closure))
#49 /var/www/vendor/laravel/framework/src/Illuminate/Routing/Pipeline.php(53): Illuminate\\Pipeline\\Pipeline->Illuminate\\Pipeline\\{closure}(Object(Illuminate\\Http\\Request))
#50 /var/www/vendor/laravel/framework/src/Illuminate/Cookie/Middleware/AddQueuedCookiesToResponse.php(37): Illuminate\\Routing\\Pipeline->Illuminate\\Routing\\{closure}(Object(Illuminate\\Http\\Request))
#51 /var/www/vendor/laravel/framework/src/Illuminate/Pipeline/Pipeline.php(163): Illuminate\\Cookie\\Middleware\\AddQueuedCookiesToResponse->handle(Object(Illuminate\\Http\\Request), Object(Closure))
#52 /var/www/vendor/laravel/framework/src/Illuminate/Routing/Pipeline.php(53): Illuminate\\Pipeline\\Pipeline->Illuminate\\Pipeline\\{closure}(Object(Illuminate\\Http\\Request))
#53 /var/www/vendor/laravel/framework/src/Illuminate/Cookie/Middleware/EncryptCookies.php(66): Illuminate\\Routing\\Pipeline->Illuminate\\Routing\\{closure}(Object(Illuminate\\Http\\Request))
#54 /var/www/app/Http/Middleware/EncryptCookies.php(25): Illuminate\\Cookie\\Middleware\\EncryptCookies->handle(Object(Illuminate\\Http\\Request), Object(Closure))
#55 /var/www/vendor/laravel/framework/src/Illuminate/Pipeline/Pipeline.php(163): App\\Http\\Middleware\\EncryptCookies->handle(Object(Illuminate\\Http\\Request), Object(Closure))
#56 /var/www/vendor/laravel/framework/src/Illuminate/Routing/Pipeline.php(53): Illuminate\\Pipeline\\Pipeline->Illuminate\\Pipeline\\{closure}(Object(Illuminate\\Http\\Request))
#57 /var/www/vendor/laravel/framework/src/Illuminate/Pipeline/Pipeline.php(104): Illuminate\\Routing\\Pipeline->Illuminate\\Routing\\{closure}(Object(Illuminate\\Http\\Request))
#58 /var/www/vendor/laravel/framework/src/Illuminate/Routing/Router.php(684): Illuminate\\Pipeline\\Pipeline->then(Object(Closure))
#59 /var/www/vendor/laravel/framework/src/Illuminate/Routing/Router.php(659): Illuminate\\Routing\\Router->runRouteWithinStack(Object(Illuminate\\Routing\\Route), Object(Illuminate\\Http\\Request))
#60 /var/www/vendor/laravel/framework/src/Illuminate/Routing/Router.php(625): Illuminate\\Routing\\Router->runRoute(Object(Illuminate\\Http\\Request), Object(Illuminate\\Routing\\Route))
#61 /var/www/vendor/laravel/framework/src/Illuminate/Routing/Router.php(614): Illuminate\\Routing\\Router->dispatchToRoute(Object(Illuminate\\Http\\Request))
#62 /var/www/vendor/laravel/framework/src/Illuminate/Foundation/Http/Kernel.php(176): Illuminate\\Routing\\Router->dispatch(Object(Illuminate\\Http\\Request))
#63 /var/www/vendor/laravel/framework/src/Illuminate/Routing/Pipeline.php(30): Illuminate\\Foundation\\Http\\Kernel->Illuminate\\Foundation\\Http\\{closure}(Object(Illuminate\\Http\\Request))
#64 /var/www/vendor/fideloper/proxy/src/TrustProxies.php(57): Illuminate\\Routing\\Pipeline->Illuminate\\Routing\\{closure}(Object(Illuminate\\Http\\Request))
#65 /var/www/vendor/laravel/framework/src/Illuminate/Pipeline/Pipeline.php(163): Fideloper\\Proxy\\TrustProxies->handle(Object(Illuminate\\Http\\Request), Object(Closure))
#66 /var/www/vendor/laravel/framework/src/Illuminate/Routing/Pipeline.php(53): Illuminate\\Pipeline\\Pipeline->Illuminate\\Pipeline\\{closure}(Object(Illuminate\\Http\\Request))
#67 /var/www/vendor/laravel/framework/src/Illuminate/Foundation/Http/Middleware/TransformsRequest.php(31): Illuminate\\Routing\\Pipeline->Illuminate\\Routing\\{closure}(Object(Illuminate\\Http\\Request))
#68 /var/www/vendor/laravel/framework/src/Illuminate/Pipeline/Pipeline.php(163): Illuminate\\Foundation\\Http\\Middleware\\TransformsRequest->handle(Object(Illuminate\\Http\\Request), Object(Closure))
#69 /var/www/vendor/laravel/framework/src/Illuminate/Routing/Pipeline.php(53): Illuminate\\Pipeline\\Pipeline->Illuminate\\Pipeline\\{closure}(Object(Illuminate\\Http\\Request))
#70 /var/www/vendor/laravel/framework/src/Illuminate/Foundation/Http/Middleware/TransformsRequest.php(31): Illuminate\\Routing\\Pipeline->Illuminate\\Routing\\{closure}(Object(Illuminate\\Http\\Request))
#71 /var/www/vendor/laravel/framework/src/Illuminate/Pipeline/Pipeline.php(163): Illuminate\\Foundation\\Http\\Middleware\\TransformsRequest->handle(Object(Illuminate\\Http\\Request), Object(Closure))
#72 /var/www/vendor/laravel/framework/src/Illuminate/Routing/Pipeline.php(53): Illuminate\\Pipeline\\Pipeline->Illuminate\\Pipeline\\{closure}(Object(Illuminate\\Http\\Request))
#73 /var/www/vendor/laravel/framework/src/Illuminate/Foundation/Http/Middleware/ValidatePostSize.php(27): Illuminate\\Routing\\Pipeline->Illuminate\\Routing\\{closure}(Object(Illuminate\\Http\\Request))
#74 /var/www/vendor/laravel/framework/src/Illuminate/Pipeline/Pipeline.php(163): Illuminate\\Foundation\\Http\\Middleware\\ValidatePostSize->handle(Object(Illuminate\\Http\\Request), Object(Closure))
#75 /var/www/vendor/laravel/framework/src/Illuminate/Routing/Pipeline.php(53): Illuminate\\Pipeline\\Pipeline->Illuminate\\Pipeline\\{closure}(Object(Illuminate\\Http\\Request))
#76 /var/www/vendor/laravel/framework/src/Illuminate/Pipeline/Pipeline.php(104): Illuminate\\Routing\\Pipeline->Illuminate\\Routing\\{closure}(Object(Illuminate\\Http\\Request))
#77 /var/www/vendor/laravel/framework/src/Illuminate/Foundation/Http/Kernel.php(151): Illuminate\\Pipeline\\Pipeline->then(Object(Closure))
#78 /var/www/vendor/laravel/framework/src/Illuminate/Foundation/Http/Kernel.php(116): Illuminate\\Foundation\\Http\\Kernel->sendRequestThroughRouter(Object(Illuminate\\Http\\Request))
#79 /var/www/public/index.php(55): Illuminate\\Foundation\\Http\\Kernel->handle(Object(Illuminate\\Http\\Request))
#80 {main}
"} 
[2019-09-18 10:59:26] production.DEBUG: select * from information_schema.tables where table_schema = ? and table_name = ? {"params":["casino","migrations"],"time":15.72} 
[2019-09-18 10:59:26] production.DEBUG: select `migration` from `migrations` order by `batch` asc, `migration` asc {"params":[],"time":0.96} 
[2019-09-18 10:59:26] production.DEBUG: select max(`batch`) as aggregate from `migrations` {"params":[],"time":1.14} 
[2019-09-18 10:59:26] production.DEBUG: create table `game_video_poker` (`id` int unsigned not null auto_increment primary key, `bet_coins` tinyint not null, `bet_amount` decimal(10, 2) not null, `deck` varchar(160) not null, `hold` varchar(15) null, `combination` mediumint null, `created_at` timestamp null, `updated_at` timestamp null) default character set utf8 collate 'utf8_unicode_ci' engine = InnoDB {"params":[],"time":38.89} 
[2019-09-18 10:59:26] production.DEBUG: insert into `migrations` (`migration`, `batch`) values (?, ?) {"params":["2019_01_14_162209_create_game_video_poker_table",7],"time":1.52} 
[2019-09-18 10:59:27] production.DEBUG: select * from `users` where `id` = ? limit 1 {"params":[1],"time":5.04} 
[2019-09-18 10:59:27] production.DEBUG: select * from `accounts` where `accounts`.`user_id` = ? and `accounts`.`user_id` is not null limit 1 {"params":[1],"time":1} 
[2019-09-18 10:59:27] production.DEBUG: select * from `games` where (`gameable_type` = ? and `status` = ? and `account_id` = ?) order by `id` desc limit 1 {"params":["Packages\\GameVideoPoker\\Models\\GameVideoPoker",-1,1],"time":0.8} 
[2019-09-18 10:59:27] production.DEBUG: insert into `game_video_poker` (`bet_coins`, `bet_amount`, `deck`, `updated_at`, `created_at`) values (?, ?, ?, ?, ?) {"params":[0,0,"c2,c3,c4,c5,c6,c7,c8,c9,ct,cj,cq,ck,ca,d2,d3,d4,d5,d6,d7,d8,d9,dt,dj,dq,dk,da,h2,h3,h4,h5,h6,h7,h8,h9,ht,hj,hq,hk,ha,s2,s3,s4,s5,s6,s7,s8,s9,st,sj,sq,sk,sa","2019-09-18 10:59:27","2019-09-18 10:59:27"],"time":5.1} 
[2019-09-18 10:59:27] production.DEBUG: insert into `games` (`account_id`, `bet`, `win`, `secret`, `server_seed`, `status`, `gameable_id`, `gameable_type`, `updated_at`, `created_at`) values (?, ?, ?, ?, ?, ?, ?, ?, ?, ?) {"params":[1,0,0,"c9,dt,s4,h6,ca,dk,da,d8,st,sk,sq,h8,h3,d3,s9,ha,d7,ck,h5,c3,h9,h7,c8,s7,c7,s2,c4,c2,d5,c6,sj,s5,hq,s3,cq,ht,s8,d4,d2,h2,hj,h4,d6,sa,dj,s6,hk,ct,dq,cj,c5,d9","ZCJybSwUqe4VsqQa",-1,1,"Packages\\GameVideoPoker\\Models\\GameVideoPoker","2019-09-18 10:59:27","2019-09-18 10:59:27"],"time":1.45} 
[2019-09-18 10:59:28] production.DEBUG: select * from `users` where `id` = ? limit 1 {"params":[1],"time":11.08} 
[2019-09-18 10:59:28] production.DEBUG: select * from `users` where `id` = ? limit 1 {"params":[1],"time":11.79} 
[2019-09-18 10:59:58] production.DEBUG: select * from information_schema.tables where table_schema = ? and table_name = ? {"params":["casino","migrations"],"time":20.75} 
[2019-09-18 10:59:58] production.DEBUG: select `migration` from `migrations` order by `batch` asc, `migration` asc {"params":[],"time":1.11} 
[2019-09-18 10:59:58] production.DEBUG: select max(`batch`) as aggregate from `migrations` {"params":[],"time":0.94} 
[2019-09-18 10:59:58] production.DEBUG: create table `game_dice` (`id` int unsigned not null auto_increment primary key, `direction` tinyint null, `win_chance` decimal(5, 2) null, `payout` decimal(11, 8) null, `ref_number` int unsigned null, `roll` int unsigned null, `created_at` timestamp null, `updated_at` timestamp null) default character set utf8 collate 'utf8_unicode_ci' engine = InnoDB {"params":[],"time":47.41} 
[2019-09-18 10:59:58] production.DEBUG: insert into `migrations` (`migration`, `batch`) values (?, ?) {"params":["2019_06_01_100000_create_game_dice_table",8],"time":1.26} 
[2019-09-18 11:00:00] production.DEBUG: select * from `users` where `id` = ? limit 1 {"params":[1],"time":9.79} 
[2019-09-18 11:00:00] production.DEBUG: select * from `accounts` where `accounts`.`user_id` = ? and `accounts`.`user_id` is not null limit 1 {"params":[1],"time":1.1} 
[2019-09-18 11:00:00] production.DEBUG: select * from `games` where (`gameable_type` = ? and `status` = ? and `account_id` = ?) order by `id` desc limit 1 {"params":["Packages\\GameVideoPoker\\Models\\GameVideoPoker",-1,1],"time":1.12} 
[2019-09-18 11:00:01] production.DEBUG: select * from `users` where `id` = ? limit 1 {"params":[1],"time":7.44} 
[2019-09-18 11:00:01] production.DEBUG: select * from `users` where `id` = ? limit 1 {"params":[1],"time":7.06} 
[2019-09-18 11:00:02] production.DEBUG: select * from `users` where `id` = ? limit 1 {"params":[1],"time":7.24} 
[2019-09-18 11:00:02] production.DEBUG: select * from `accounts` where `accounts`.`user_id` = ? and `accounts`.`user_id` is not null limit 1 {"params":[1],"time":1.14} 
[2019-09-18 11:00:02] production.DEBUG: select * from `games` where (`gameable_type` = ? and `status` = ? and `account_id` = ?) order by `id` desc limit 1 {"params":["Packages\\GameDice\\Models\\GameDice",-1,1],"time":2.3} 
[2019-09-18 11:00:02] production.DEBUG: insert into `game_dice` (`updated_at`, `created_at`) values (?, ?) {"params":["2019-09-18 11:00:02","2019-09-18 11:00:02"],"time":4.71} 
[2019-09-18 11:00:02] production.DEBUG: insert into `games` (`account_id`, `bet`, `win`, `secret`, `server_seed`, `status`, `gameable_id`, `gameable_type`, `updated_at`, `created_at`) values (?, ?, ?, ?, ?, ?, ?, ?, ?, ?) {"params":[1,0,0,"773","c8hieSdoMxx0Q0cj",-1,1,"Packages\\GameDice\\Models\\GameDice","2019-09-18 11:00:02","2019-09-18 11:00:02"],"time":1.89} 
[2019-09-18 11:00:03] production.DEBUG: select * from `users` where `id` = ? limit 1 {"params":[1],"time":6.06} 
[2019-09-18 11:00:03] production.DEBUG: select * from `users` where `id` = ? limit 1 {"params":[1],"time":16.23} 
[2019-09-18 11:00:19] production.DEBUG: select * from `users` where `id` = ? limit 1 {"params":[1],"time":6.8} 
[2019-09-18 11:00:19] production.DEBUG: select * from `accounts` where `accounts`.`user_id` = ? and `accounts`.`user_id` is not null limit 1 {"params":[1],"time":1.3} 
[2019-09-18 11:00:19] production.DEBUG: select * from `games` where (`gameable_type` = ? and `status` = ? and `account_id` = ?) order by `id` desc limit 1 {"params":["Packages\\GameDice\\Models\\GameDice",-1,1],"time":0.58} 
[2019-09-18 11:00:19] production.DEBUG: select * from `accounts` where `accounts`.`id` in (1) {"params":[],"time":1.03} 
[2019-09-18 11:00:19] production.DEBUG: select * from `users` where `id` = ? limit 1 {"params":[1],"time":8.91} 
[2019-09-18 11:00:19] production.DEBUG: select * from `users` where `id` = ? limit 1 {"params":[1],"time":4.69} 
[2019-09-18 11:00:24] production.DEBUG: select * from information_schema.tables where table_schema = ? and table_name = ? {"params":["casino","migrations"],"time":13.08} 
[2019-09-18 11:00:24] production.DEBUG: select `migration` from `migrations` order by `batch` asc, `migration` asc {"params":[],"time":6.59} 
[2019-09-18 11:00:27] production.DEBUG: select * from `users` where `id` = ? limit 1 {"params":[1],"time":10.63} 
[2019-09-18 11:00:27] production.DEBUG: select * from `accounts` where `accounts`.`user_id` = ? and `accounts`.`user_id` is not null limit 1 {"params":[1],"time":2.29} 
[2019-09-18 11:00:27] production.DEBUG: select * from `games` where (`gameable_type` = ? and `status` = ? and `account_id` = ?) order by `id` desc limit 1 {"params":["Packages\\GameKeno\\Models\\GameKeno",-1,1],"time":0.85} 
[2019-09-18 11:00:27] production.DEBUG: insert into `game_keno` (`updated_at`, `created_at`) values (?, ?) {"params":["2019-09-18 11:00:27","2019-09-18 11:00:27"],"time":7.4} 
[2019-09-18 11:00:27] production.DEBUG: insert into `games` (`account_id`, `bet`, `win`, `secret`, `server_seed`, `status`, `gameable_id`, `gameable_type`, `updated_at`, `created_at`) values (?, ?, ?, ?, ?, ?, ?, ?, ?, ?) {"params":[1,0,0,"57,64,77,66,67,61,5,56,62,58,36,32,60,14,50,19,27,20,34,13","Npmw0trRtO8lPovb",-1,1,"Packages\\GameKeno\\Models\\GameKeno","2019-09-18 11:00:27","2019-09-18 11:00:27"],"time":1.2} 
[2019-09-18 11:00:27] production.DEBUG: select * from `users` where `id` = ? limit 1 {"params":[1],"time":6.96} 
[2019-09-18 11:00:27] production.DEBUG: select * from `users` where `id` = ? limit 1 {"params":[1],"time":12.79} 
[2019-09-18 11:00:40] production.DEBUG: select * from `users` where `id` = ? limit 1 {"params":[1],"time":2.91} 
[2019-09-18 11:00:40] production.DEBUG: select * from `games` where `games`.`id` = ? limit 1 {"params":[33],"time":0.48} 
[2019-09-18 11:00:40] production.DEBUG: select * from `accounts` where `accounts`.`id` = ? limit 1 {"params":[1],"time":0.36} 
[2019-09-18 11:00:40] production.DEBUG: select * from `accounts` where `accounts`.`user_id` = ? and `accounts`.`user_id` is not null limit 1 {"params":[1],"time":0.71} 
[2019-09-18 11:00:40] production.DEBUG: select * from `games` where `id` = ? limit 1 {"params":[33],"time":0.49} 
[2019-09-18 11:00:40] production.DEBUG: select * from `game_keno` where `game_keno`.`id` in (?) {"params":[1],"time":1.09} 
[2019-09-18 11:00:40] production.DEBUG: update `game_keno` set `bet_numbers` = ?, `draw_numbers` = ?, `updated_at` = ? where `id` = ? {"params":["[37,34,53,62,65,5,18,39,49,59]","[68,75,8,77,78,72,16,67,73,69,47,43,71,25,61,30,38,31,45,24]","2019-09-18 11:00:40",1],"time":0.85} 
[2019-09-18 11:00:40] production.DEBUG: update `games` set `bet` = ?, `status` = ?, `client_seed` = ?, `updated_at` = ? where `id` = ? {"params":[1,1,702970,"2019-09-18 11:00:40",33],"time":1.28} 
[2019-09-18 11:00:40] production.DEBUG: select * from `accounts` where `accounts`.`id` = ? limit 1 {"params":[1],"time":0.33} 
[2019-09-18 11:00:40] production.DEBUG: update `accounts` set `balance` = `balance` - 1, `updated_at` = ? where `id` = ? {"params":["2019-09-18 11:00:40",1],"time":0.33} 
[2019-09-18 11:00:40] production.DEBUG: insert into `account_transactions` (`account_id`, `amount`, `balance`, `transactionable_id`, `transactionable_type`, `updated_at`, `created_at`) values (?, ?, ?, ?, ?, ?, ?) {"params":[1,-1,985,33,"App\\Models\\Game","2019-09-18 11:00:40","2019-09-18 11:00:40"],"time":0.51} 
[2019-09-18 11:00:40] production.DEBUG: insert into `game_keno` (`updated_at`, `created_at`) values (?, ?) {"params":["2019-09-18 11:00:40","2019-09-18 11:00:40"],"time":1.61} 
[2019-09-18 11:00:40] production.DEBUG: insert into `games` (`account_id`, `bet`, `win`, `secret`, `server_seed`, `status`, `gameable_id`, `gameable_type`, `updated_at`, `created_at`) values (?, ?, ?, ?, ?, ?, ?, ?, ?, ?) {"params":[1,0,0,"45,9,44,41,75,72,38,18,62,73,37,56,2,64,53,5,50,55,39,61","kCjPqcpTvBWZk9Bl",-1,2,"Packages\\GameKeno\\Models\\GameKeno","2019-09-18 11:00:40","2019-09-18 11:00:40"],"time":0.68} 
[2019-09-18 11:00:40] production.DEBUG: select * from `users` where `users`.`id` = ? limit 1 {"params":[1],"time":0.38} 
[2019-09-18 11:00:47] production.DEBUG: select * from `users` where `id` = ? limit 1 {"params":[1],"time":4.46} 
[2019-09-18 11:00:47] production.DEBUG: select * from `games` where `games`.`id` = ? limit 1 {"params":[34],"time":0.46} 
[2019-09-18 11:00:47] production.DEBUG: select * from `accounts` where `accounts`.`id` = ? limit 1 {"params":[1],"time":0.39} 
[2019-09-18 11:00:47] production.DEBUG: select * from `accounts` where `accounts`.`user_id` = ? and `accounts`.`user_id` is not null limit 1 {"params":[1],"time":0.39} 
[2019-09-18 11:00:47] production.DEBUG: select * from `games` where `id` = ? limit 1 {"params":[34],"time":0.36} 
[2019-09-18 11:00:47] production.DEBUG: select * from `game_keno` where `game_keno`.`id` in (?) {"params":[2],"time":0.85} 
[2019-09-18 11:00:47] production.DEBUG: update `game_keno` set `bet_numbers` = ?, `draw_numbers` = ?, `updated_at` = ? where `id` = ? {"params":["[65,77,14,22,32,15,40,57,5,34]","[22,66,21,18,52,49,15,75,39,50,14,33,59,41,30,62,27,32,16,38]","2019-09-18 11:00:47",2],"time":0.94} 
[2019-09-18 11:00:47] production.DEBUG: update `games` set `bet` = ?, `win` = ?, `status` = ?, `client_seed` = ?, `updated_at` = ? where `id` = ? {"params":[1,1,1,769544,"2019-09-18 11:00:47",34],"time":1.65} 
[2019-09-18 11:00:47] production.DEBUG: select * from `accounts` where `accounts`.`id` = ? limit 1 {"params":[1],"time":0.57} 
[2019-09-18 11:00:47] production.DEBUG: insert into `game_keno` (`updated_at`, `created_at`) values (?, ?) {"params":["2019-09-18 11:00:47","2019-09-18 11:00:47"],"time":0.82} 
[2019-09-18 11:00:47] production.DEBUG: insert into `games` (`account_id`, `bet`, `win`, `secret`, `server_seed`, `status`, `gameable_id`, `gameable_type`, `updated_at`, `created_at`) values (?, ?, ?, ?, ?, ?, ?, ?, ?, ?) {"params":[1,0,0,"1,73,77,46,78,16,26,18,19,70,51,14,27,53,33,3,40,21,41,47","kxCCRLWX70S1dAfK",-1,3,"Packages\\GameKeno\\Models\\GameKeno","2019-09-18 11:00:47","2019-09-18 11:00:47"],"time":0.95} 
[2019-09-18 11:00:47] production.DEBUG: select * from `users` where `users`.`id` = ? limit 1 {"params":[1],"time":0.64} 
[2019-09-18 11:00:57] production.DEBUG: select * from `users` where `id` = ? limit 1 {"params":[1],"time":5.54} 
[2019-09-18 11:00:57] production.DEBUG: select * from `games` where `games`.`id` = ? limit 1 {"params":[35],"time":0.52} 
[2019-09-18 11:00:57] production.DEBUG: select * from `accounts` where `accounts`.`id` = ? limit 1 {"params":[1],"time":0.38} 
[2019-09-18 11:00:57] production.DEBUG: select * from `accounts` where `accounts`.`user_id` = ? and `accounts`.`user_id` is not null limit 1 {"params":[1],"time":0.38} 
[2019-09-18 11:00:57] production.DEBUG: select * from `games` where `id` = ? limit 1 {"params":[35],"time":0.44} 
[2019-09-18 11:00:57] production.DEBUG: select * from `game_keno` where `game_keno`.`id` in (?) {"params":[3],"time":1.28} 
[2019-09-18 11:00:57] production.DEBUG: update `game_keno` set `bet_numbers` = ?, `draw_numbers` = ?, `updated_at` = ? where `id` = ? {"params":["[71,60,32,23,61,25,72,7,37,31]","[63,55,59,28,60,78,8,80,1,52,33,76,9,35,15,65,22,3,23,29]","2019-09-18 11:00:57",3],"time":1.22} 
[2019-09-18 11:00:57] production.DEBUG: update `games` set `bet` = ?, `status` = ?, `client_seed` = ?, `updated_at` = ? where `id` = ? {"params":[1,1,692344,"2019-09-18 11:00:57",35],"time":1.21} 
[2019-09-18 11:00:57] production.DEBUG: select * from `accounts` where `accounts`.`id` = ? limit 1 {"params":[1],"time":0.4} 
[2019-09-18 11:00:57] production.DEBUG: update `accounts` set `balance` = `balance` - 1, `updated_at` = ? where `id` = ? {"params":["2019-09-18 11:00:57",1],"time":0.3} 
[2019-09-18 11:00:57] production.DEBUG: insert into `account_transactions` (`account_id`, `amount`, `balance`, `transactionable_id`, `transactionable_type`, `updated_at`, `created_at`) values (?, ?, ?, ?, ?, ?, ?) {"params":[1,-1,984,35,"App\\Models\\Game","2019-09-18 11:00:57","2019-09-18 11:00:57"],"time":0.4} 
[2019-09-18 11:00:57] production.DEBUG: insert into `game_keno` (`updated_at`, `created_at`) values (?, ?) {"params":["2019-09-18 11:00:57","2019-09-18 11:00:57"],"time":1.46} 
[2019-09-18 11:00:57] production.DEBUG: insert into `games` (`account_id`, `bet`, `win`, `secret`, `server_seed`, `status`, `gameable_id`, `gameable_type`, `updated_at`, `created_at`) values (?, ?, ?, ?, ?, ?, ?, ?, ?, ?) {"params":[1,0,0,"42,44,61,47,64,38,32,63,27,58,21,24,78,36,43,25,51,67,2,16","LmXgSbVsGRJ7LrQM",-1,4,"Packages\\GameKeno\\Models\\GameKeno","2019-09-18 11:00:57","2019-09-18 11:00:57"],"time":0.62} 
[2019-09-18 11:00:57] production.DEBUG: select * from `users` where `users`.`id` = ? limit 1 {"params":[1],"time":0.38} 
[2019-09-18 11:01:00] production.DEBUG: select * from `users` where `id` = ? limit 1 {"params":[1],"time":4.3} 
[2019-09-18 11:01:00] production.DEBUG: select * from `games` where `games`.`id` = ? limit 1 {"params":[36],"time":0.91} 
[2019-09-18 11:01:00] production.DEBUG: select * from `accounts` where `accounts`.`id` = ? limit 1 {"params":[1],"time":0.68} 
[2019-09-18 11:01:00] production.DEBUG: select * from `accounts` where `accounts`.`user_id` = ? and `accounts`.`user_id` is not null limit 1 {"params":[1],"time":0.65} 
[2019-09-18 11:01:00] production.DEBUG: select * from `games` where `id` = ? limit 1 {"params":[36],"time":0.47} 
[2019-09-18 11:01:00] production.DEBUG: select * from `game_keno` where `game_keno`.`id` in (?) {"params":[4],"time":0.89} 
[2019-09-18 11:01:00] production.DEBUG: update `game_keno` set `bet_numbers` = ?, `draw_numbers` = ?, `updated_at` = ? where `id` = ? {"params":["[51,72,33,4,23,18,53,22,44,71]","[71,73,10,76,13,67,61,12,56,7,50,53,27,65,72,54,80,16,31,45]","2019-09-18 11:01:00",4],"time":0.85} 
[2019-09-18 11:01:00] production.DEBUG: update `games` set `bet` = ?, `status` = ?, `client_seed` = ?, `updated_at` = ? where `id` = ? {"params":[1,1,712828,"2019-09-18 11:01:00",36],"time":1.11} 
[2019-09-18 11:01:00] production.DEBUG: select * from `accounts` where `accounts`.`id` = ? limit 1 {"params":[1],"time":0.43} 
[2019-09-18 11:01:00] production.DEBUG: update `accounts` set `balance` = `balance` - 1, `updated_at` = ? where `id` = ? {"params":["2019-09-18 11:01:00",1],"time":0.55} 
[2019-09-18 11:01:00] production.DEBUG: insert into `account_transactions` (`account_id`, `amount`, `balance`, `transactionable_id`, `transactionable_type`, `updated_at`, `created_at`) values (?, ?, ?, ?, ?, ?, ?) {"params":[1,-1,983,36,"App\\Models\\Game","2019-09-18 11:01:00","2019-09-18 11:01:00"],"time":0.81} 
[2019-09-18 11:01:00] production.DEBUG: insert into `game_keno` (`updated_at`, `created_at`) values (?, ?) {"params":["2019-09-18 11:01:00","2019-09-18 11:01:00"],"time":0.93} 
[2019-09-18 11:01:00] production.DEBUG: insert into `games` (`account_id`, `bet`, `win`, `secret`, `server_seed`, `status`, `gameable_id`, `gameable_type`, `updated_at`, `created_at`) values (?, ?, ?, ?, ?, ?, ?, ?, ?, ?) {"params":[1,0,0,"49,8,7,37,54,70,25,60,77,72,62,66,50,57,40,44,29,26,43,19","WAcYZxh44Yr9Tx2G",-1,5,"Packages\\GameKeno\\Models\\GameKeno","2019-09-18 11:01:00","2019-09-18 11:01:00"],"time":1.15} 
[2019-09-18 11:01:00] production.DEBUG: select * from `users` where `users`.`id` = ? limit 1 {"params":[1],"time":0.58} 
[2019-09-18 11:01:03] production.DEBUG: select * from `users` where `id` = ? limit 1 {"params":[1],"time":3.62} 
[2019-09-18 11:01:03] production.DEBUG: select * from `games` where `games`.`id` = ? limit 1 {"params":[37],"time":0.61} 
[2019-09-18 11:01:03] production.DEBUG: select * from `accounts` where `accounts`.`id` = ? limit 1 {"params":[1],"time":1.64} 
[2019-09-18 11:01:03] production.DEBUG: select * from `accounts` where `accounts`.`user_id` = ? and `accounts`.`user_id` is not null limit 1 {"params":[1],"time":0.72} 
[2019-09-18 11:01:03] production.DEBUG: select * from `games` where `id` = ? limit 1 {"params":[37],"time":0.6} 
[2019-09-18 11:01:03] production.DEBUG: select * from `game_keno` where `game_keno`.`id` in (?) {"params":[5],"time":0.88} 
[2019-09-18 11:01:03] production.DEBUG: update `game_keno` set `bet_numbers` = ?, `draw_numbers` = ?, `updated_at` = ? where `id` = ? {"params":["[46,61,44,43,53,47,45,79,77,39]","[12,51,50,80,17,33,68,23,40,35,25,29,13,20,3,7,72,69,6,62]","2019-09-18 11:01:03",5],"time":1.27} 
[2019-09-18 11:01:03] production.DEBUG: update `games` set `bet` = ?, `status` = ?, `client_seed` = ?, `updated_at` = ? where `id` = ? {"params":[1,1,829676,"2019-09-18 11:01:03",37],"time":2.34} 
[2019-09-18 11:01:03] production.DEBUG: select * from `accounts` where `accounts`.`id` = ? limit 1 {"params":[1],"time":0.66} 
[2019-09-18 11:01:03] production.DEBUG: update `accounts` set `balance` = `balance` - 1, `updated_at` = ? where `id` = ? {"params":["2019-09-18 11:01:03",1],"time":0.59} 
[2019-09-18 11:01:03] production.DEBUG: insert into `account_transactions` (`account_id`, `amount`, `balance`, `transactionable_id`, `transactionable_type`, `updated_at`, `created_at`) values (?, ?, ?, ?, ?, ?, ?) {"params":[1,-1,982,37,"App\\Models\\Game","2019-09-18 11:01:03","2019-09-18 11:01:03"],"time":0.39} 
[2019-09-18 11:01:03] production.DEBUG: insert into `game_keno` (`updated_at`, `created_at`) values (?, ?) {"params":["2019-09-18 11:01:03","2019-09-18 11:01:03"],"time":0.8} 
[2019-09-18 11:01:03] production.DEBUG: insert into `games` (`account_id`, `bet`, `win`, `secret`, `server_seed`, `status`, `gameable_id`, `gameable_type`, `updated_at`, `created_at`) values (?, ?, ?, ?, ?, ?, ?, ?, ?, ?) {"params":[1,0,0,"49,35,53,43,26,54,65,31,11,80,42,79,52,10,75,73,20,55,13,28","pyuEOucBJnWQC67x",-1,6,"Packages\\GameKeno\\Models\\GameKeno","2019-09-18 11:01:03","2019-09-18 11:01:03"],"time":0.77} 
[2019-09-18 11:01:03] production.DEBUG: select * from `users` where `users`.`id` = ? limit 1 {"params":[1],"time":0.59} 
[2019-09-18 11:01:06] production.DEBUG: select * from `users` where `id` = ? limit 1 {"params":[1],"time":4.5} 
[2019-09-18 11:01:06] production.DEBUG: select * from `games` where `games`.`id` = ? limit 1 {"params":[38],"time":0.88} 
[2019-09-18 11:01:06] production.DEBUG: select * from `accounts` where `accounts`.`id` = ? limit 1 {"params":[1],"time":0.58} 
[2019-09-18 11:01:06] production.DEBUG: select * from `accounts` where `accounts`.`user_id` = ? and `accounts`.`user_id` is not null limit 1 {"params":[1],"time":0.61} 
[2019-09-18 11:01:06] production.DEBUG: select * from `games` where `id` = ? limit 1 {"params":[38],"time":0.58} 
[2019-09-18 11:01:06] production.DEBUG: select * from `game_keno` where `game_keno`.`id` in (?) {"params":[6],"time":1} 
[2019-09-18 11:01:06] production.DEBUG: update `game_keno` set `bet_numbers` = ?, `draw_numbers` = ?, `updated_at` = ? where `id` = ? {"params":["[24,33,43,14,73,39,64,16,6,60]","[2,68,6,76,59,7,18,64,44,33,75,32,5,43,28,26,53,8,46,61]","2019-09-18 11:01:06",6],"time":1.2} 
[2019-09-18 11:01:06] production.DEBUG: update `games` set `bet` = ?, `win` = ?, `status` = ?, `client_seed` = ?, `updated_at` = ? where `id` = ? {"params":[1,1,1,27948,"2019-09-18 11:01:06",38],"time":1.84} 
[2019-09-18 11:01:06] production.DEBUG: select * from `accounts` where `accounts`.`id` = ? limit 1 {"params":[1],"time":0.97} 
[2019-09-18 11:01:06] production.DEBUG: insert into `game_keno` (`updated_at`, `created_at`) values (?, ?) {"params":["2019-09-18 11:01:06","2019-09-18 11:01:06"],"time":1.25} 
[2019-09-18 11:01:06] production.DEBUG: insert into `games` (`account_id`, `bet`, `win`, `secret`, `server_seed`, `status`, `gameable_id`, `gameable_type`, `updated_at`, `created_at`) values (?, ?, ?, ?, ?, ?, ?, ?, ?, ?) {"params":[1,0,0,"42,75,41,78,49,44,66,53,5,50,67,80,55,34,4,3,72,33,46,61","moMDPTbKXufwO5pk",-1,7,"Packages\\GameKeno\\Models\\GameKeno","2019-09-18 11:01:06","2019-09-18 11:01:06"],"time":1.41} 
[2019-09-18 11:01:06] production.DEBUG: select * from `users` where `users`.`id` = ? limit 1 {"params":[1],"time":0.76} 
[2019-09-18 11:01:23] production.DEBUG: select * from information_schema.tables where table_schema = ? and table_name = ? {"params":["casino","migrations"],"time":18.03} 
[2019-09-18 11:01:23] production.DEBUG: select `migration` from `migrations` order by `batch` asc, `migration` asc {"params":[],"time":1.02} 
[2019-09-18 11:01:27] production.DEBUG: select * from `users` where `id` = ? limit 1 {"params":[1],"time":7.83} 
[2019-09-18 11:01:27] production.DEBUG: select * from `accounts` where `accounts`.`user_id` = ? and `accounts`.`user_id` is not null limit 1 {"params":[1],"time":1.42} 
[2019-09-18 11:01:27] production.DEBUG: select * from `games` where (`gameable_type` = ? and `status` = ? and `account_id` = ?) order by `id` desc limit 1 {"params":["Packages\\GameKeno\\Models\\GameKeno",-1,1],"time":0.78} 
[2019-09-18 11:01:27] production.DEBUG: select * from `accounts` where `accounts`.`id` in (1) {"params":[],"time":0.57} 
[2019-09-18 11:01:27] production.DEBUG: select * from `users` where `id` = ? limit 1 {"params":[1],"time":6.47} 
[2019-09-18 11:01:27] production.DEBUG: select * from `users` where `id` = ? limit 1 {"params":[1],"time":5.5} 
[2019-09-18 11:01:31] production.DEBUG: select * from `users` where `id` = ? limit 1 {"params":[1],"time":3.97} 
[2019-09-18 11:01:31] production.DEBUG: select * from `accounts` where `accounts`.`user_id` = ? and `accounts`.`user_id` is not null limit 1 {"params":[1],"time":0.62} 
[2019-09-18 11:01:31] production.DEBUG: select * from `games` where (`gameable_type` = ? and `status` = ? and `account_id` = ?) order by `id` desc limit 1 {"params":["Packages\\GameMultiSlots\\Models\\GameMultiSlots",-1,1],"time":1.51} 
[2019-09-18 11:01:31] production.DEBUG: insert into `game_multi_slots` (`lines_bet`, `bet_amount`, `lines_win`, `scatters_count`, `reel_positions`, `updated_at`, `created_at`) values (?, ?, ?, ?, ?, ?, ?) {"params":[0,0,0,0,"0,0,0,0,0","2019-09-18 11:01:31","2019-09-18 11:01:31"],"time":3.4} 
[2019-09-18 11:01:31] production.DEBUG: insert into `games` (`account_id`, `bet`, `win`, `secret`, `server_seed`, `status`, `gameable_id`, `gameable_type`, `updated_at`, `created_at`) values (?, ?, ?, ?, ?, ?, ?, ?, ?, ?) {"params":[1,0,0,"5,0,7,2,6","FliiCmpbnKIutKNW",-1,1,"Packages\\GameMultiSlots\\Models\\GameMultiSlots","2019-09-18 11:01:31","2019-09-18 11:01:31"],"time":1.48} 
[2019-09-18 11:01:31] production.DEBUG: select * from `users` where `id` = ? limit 1 {"params":[1],"time":3.18} 
[2019-09-18 11:01:31] production.DEBUG: select * from `users` where `id` = ? limit 1 {"params":[1],"time":10.08} 
[2019-09-18 11:01:49] production.DEBUG: select * from `users` where `id` = ? limit 1 {"params":[1],"time":3.57} 
[2019-09-18 11:01:49] production.DEBUG: select * from `accounts` where `accounts`.`user_id` = ? and `accounts`.`user_id` is not null limit 1 {"params":[1],"time":0.76} 
[2019-09-18 11:01:49] production.DEBUG: select * from `games` where (`gameable_type` = ? and `status` = ? and `account_id` = ?) order by `id` desc limit 1 {"params":["Packages\\GameMultiSlots\\Models\\GameMultiSlots",-1,1],"time":0.63} 
[2019-09-18 11:01:49] production.DEBUG: select * from `users` where `id` = ? limit 1 {"params":[1],"time":4.76} 
[2019-09-18 11:01:49] production.DEBUG: select * from `users` where `id` = ? limit 1 {"params":[1],"time":5.42} 
[2019-09-18 11:01:56] production.DEBUG: select * from information_schema.tables where table_schema = ? and table_name = ? {"params":["casino","migrations"],"time":9.26} 
[2019-09-18 11:01:56] production.DEBUG: select `migration` from `migrations` order by `batch` asc, `migration` asc {"params":[],"time":0.73} 
[2019-09-18 11:01:57] production.DEBUG: select * from `users` where `id` = ? limit 1 {"params":[1],"time":4.32} 
[2019-09-18 11:01:57] production.DEBUG: select * from `accounts` where `accounts`.`user_id` = ? and `accounts`.`user_id` is not null limit 1 {"params":[1],"time":0.87} 
[2019-09-18 11:01:57] production.DEBUG: select * from `games` where (`gameable_type` = ? and `status` = ? and `account_id` = ?) order by `id` desc limit 1 {"params":["Packages\\GameMultiSlots\\Models\\GameMultiSlots",-1,1],"time":1.02} 
[2019-09-18 11:01:58] production.DEBUG: select * from `users` where `id` = ? limit 1 {"params":[1],"time":4.17} 
[2019-09-18 11:01:58] production.DEBUG: select * from `users` where `id` = ? limit 1 {"params":[1],"time":5.57} 
[2019-09-18 11:01:58] production.DEBUG: select * from `users` where `id` = ? limit 1 {"params":[1],"time":4.68} 
[2019-09-18 11:01:58] production.DEBUG: select * from `accounts` where `accounts`.`user_id` = ? and `accounts`.`user_id` is not null limit 1 {"params":[1],"time":0.46} 
[2019-09-18 11:01:58] production.DEBUG: select * from `games` where (`gameable_type` = ? and `status` = ? and `account_id` = ?) order by `id` desc limit 1 {"params":["Packages\\GameMultiSlots\\Models\\GameMultiSlots",-1,1],"time":0.48} 
[2019-09-18 11:01:58] production.DEBUG: select * from `users` where `id` = ? limit 1 {"params":[1],"time":8.3} 
[2019-09-18 11:01:58] production.DEBUG: select * from `users` where `id` = ? limit 1 {"params":[1],"time":4.45} 
[2019-09-18 11:02:00] production.DEBUG: select * from `users` where `id` = ? limit 1 {"params":[1],"time":4.58} 
[2019-09-18 11:02:00] production.DEBUG: select * from `accounts` where `accounts`.`user_id` = ? and `accounts`.`user_id` is not null limit 1 {"params":[1],"time":0.6} 
[2019-09-18 11:02:00] production.DEBUG: select * from `games` where (`gameable_type` = ? and `status` = ? and `account_id` = ?) order by `id` desc limit 1 {"params":["Packages\\GameAmericanBingo\\Models\\GameAmericanBingo",-1,1],"time":0.62} 
[2019-09-18 11:02:00] production.DEBUG: select * from `accounts` where `accounts`.`id` in (1) {"params":[],"time":0.52} 
[2019-09-18 11:02:00] production.DEBUG: select * from `users` where `id` = ? limit 1 {"params":[1],"time":5.85} 
[2019-09-18 11:02:00] production.DEBUG: select * from `users` where `id` = ? limit 1 {"params":[1],"time":5.59} 
[2019-09-18 11:02:43] production.DEBUG: select * from `users` where `id` = ? limit 1 {"params":[1],"time":3.67} 
[2019-09-18 11:02:43] production.DEBUG: select * from `accounts` where `accounts`.`user_id` = ? and `accounts`.`user_id` is not null limit 1 {"params":[1],"time":0.65} 
[2019-09-18 11:02:43] production.DEBUG: select * from `games` where (`gameable_type` = ? and `status` = ? and `account_id` = ?) order by `id` desc limit 1 {"params":["Packages\\GameSlots\\Models\\GameSlots",-1,1],"time":0.56} 
[2019-09-18 11:02:43] production.DEBUG: select * from `users` where `id` = ? limit 1 {"params":[1],"time":7.32} 
[2019-09-18 11:02:43] production.DEBUG: select * from `users` where `id` = ? limit 1 {"params":[1],"time":8.38} 
[2019-09-18 11:02:48] production.DEBUG: select * from `users` where `id` = ? limit 1 {"params":[1],"time":3.58} 
[2019-09-18 11:02:48] production.DEBUG: select * from `accounts` where `accounts`.`user_id` = ? and `accounts`.`user_id` is not null limit 1 {"params":[1],"time":0.63} 
[2019-09-18 11:02:48] production.DEBUG: select * from `games` where (`gameable_type` = ? and `status` = ? and `account_id` = ?) order by `id` desc limit 1 {"params":["Packages\\GameSlots\\Models\\GameSlots",-1,1],"time":0.74} 
[2019-09-18 11:02:48] production.DEBUG: select * from `users` where `id` = ? limit 1 {"params":[1],"time":4.33} 
[2019-09-18 11:02:48] production.DEBUG: select * from `users` where `id` = ? limit 1 {"params":[1],"time":6.7} 
[2019-09-18 11:03:06] production.DEBUG: select * from `users` where `id` = ? limit 1 {"params":[1],"time":3.01} 
[2019-09-18 11:03:06] production.DEBUG: select * from `accounts` where `accounts`.`user_id` = ? and `accounts`.`user_id` is not null limit 1 {"params":[1],"time":0.54} 
[2019-09-18 11:03:06] production.DEBUG: select * from `games` where (`gameable_type` = ? and `status` = ? and `account_id` = ?) order by `id` desc limit 1 {"params":["Packages\\GameRoulette\\Models\\GameRoulette",-1,1],"time":0.46} 
[2019-09-18 11:03:06] production.DEBUG: select * from `accounts` where `accounts`.`id` = ? limit 1 {"params":[1],"time":0.57} 
[2019-09-18 11:03:07] production.DEBUG: select * from `users` where `id` = ? limit 1 {"params":[1],"time":6.31} 
[2019-09-18 11:03:07] production.DEBUG: select * from `users` where `id` = ? limit 1 {"params":[1],"time":5.44} 
[2019-09-18 11:03:15] production.DEBUG: select * from `users` where `id` = ? limit 1 {"params":[1],"time":6.06} 
[2019-09-18 11:03:15] production.DEBUG: select * from `accounts` where `accounts`.`user_id` = ? and `accounts`.`user_id` is not null limit 1 {"params":[1],"time":0.82} 
[2019-09-18 11:03:15] production.DEBUG: select count(*) as aggregate from `account_transactions` where `account_transactions`.`account_id` = ? and `account_transactions`.`account_id` is not null {"params":[1],"time":0.97} 
[2019-09-18 11:03:15] production.DEBUG: select * from `account_transactions` where `account_transactions`.`account_id` = ? and `account_transactions`.`account_id` is not null order by `id` desc limit 10 offset 0 {"params":[1],"time":0.6} 
[2019-09-18 11:03:15] production.DEBUG: select * from `games` where `games`.`id` = ? limit 1 {"params":[37],"time":0.69} 
[2019-09-18 11:03:15] production.DEBUG: select * from `games` where `games`.`id` = ? limit 1 {"params":[36],"time":0.55} 
[2019-09-18 11:03:15] production.DEBUG: select * from `games` where `games`.`id` = ? limit 1 {"params":[35],"time":0.45} 
[2019-09-18 11:03:15] production.DEBUG: select * from `games` where `games`.`id` = ? limit 1 {"params":[33],"time":0.67} 
[2019-09-18 11:03:15] production.DEBUG: select * from `games` where `games`.`id` = ? limit 1 {"params":[28],"time":0.75} 
[2019-09-18 11:03:15] production.DEBUG: select * from `games` where `games`.`id` = ? limit 1 {"params":[27],"time":0.87} 
[2019-09-18 11:03:15] production.DEBUG: select * from `games` where `games`.`id` = ? limit 1 {"params":[26],"time":0.71} 
[2019-09-18 11:03:15] production.DEBUG: select * from `games` where `games`.`id` = ? limit 1 {"params":[25],"time":0.67} 
[2019-09-18 11:03:15] production.DEBUG: select * from `games` where `games`.`id` = ? limit 1 {"params":[24],"time":0.71} 
[2019-09-18 11:03:15] production.DEBUG: select * from `games` where `games`.`id` = ? limit 1 {"params":[23],"time":0.62} 
[2019-09-18 11:03:16] production.DEBUG: select * from `users` where `id` = ? limit 1 {"params":[1],"time":5.18} 
[2019-09-18 11:03:16] production.DEBUG: select * from `users` where `id` = ? limit 1 {"params":[1],"time":7.21} 
[2019-09-18 11:03:36] production.DEBUG: select * from `users` where `id` = ? limit 1 {"params":[1],"time":4.24} 
[2019-09-18 11:03:36] production.DEBUG: select count(*) as aggregate from `users` where `users`.`referrer_id` = ? and `users`.`referrer_id` is not null {"params":[1],"time":0.8} 
[2019-09-18 11:03:36] production.DEBUG: select * from `accounts` where `accounts`.`user_id` = ? and `accounts`.`user_id` is not null limit 1 {"params":[1],"time":0.63} 
[2019-09-18 11:03:36] production.DEBUG: select * from `account_transactions` where `account_transactions`.`account_id` = ? and `account_transactions`.`account_id` is not null {"params":[1],"time":0.59} 
[2019-09-18 11:03:37] production.DEBUG: select * from `users` where `id` = ? limit 1 {"params":[1],"time":7.56} 
[2019-09-18 11:03:37] production.DEBUG: select * from `users` where `id` = ? limit 1 {"params":[1],"time":4.96} 
[2019-09-18 11:03:43] production.DEBUG: select * from `users` where `id` = ? limit 1 {"params":[1],"time":4.08} 
[2019-09-18 11:03:43] production.DEBUG: select * from `accounts` where `accounts`.`user_id` = ? and `accounts`.`user_id` is not null limit 1 {"params":[1],"time":0.64} 
[2019-09-18 11:03:43] production.DEBUG: select count(*) as aggregate from `account_transactions` where `account_transactions`.`account_id` = ? and `account_transactions`.`account_id` is not null {"params":[1],"time":0.52} 
[2019-09-18 11:03:43] production.DEBUG: select * from `account_transactions` where `account_transactions`.`account_id` = ? and `account_transactions`.`account_id` is not null order by `id` desc limit 10 offset 0 {"params":[1],"time":0.58} 
[2019-09-18 11:03:43] production.DEBUG: select * from `games` where `games`.`id` = ? limit 1 {"params":[37],"time":0.57} 
[2019-09-18 11:03:43] production.DEBUG: select * from `games` where `games`.`id` = ? limit 1 {"params":[36],"time":0.45} 
[2019-09-18 11:03:43] production.DEBUG: select * from `games` where `games`.`id` = ? limit 1 {"params":[35],"time":0.47} 
[2019-09-18 11:03:43] production.DEBUG: select * from `games` where `games`.`id` = ? limit 1 {"params":[33],"time":0.43} 
[2019-09-18 11:03:43] production.DEBUG: select * from `games` where `games`.`id` = ? limit 1 {"params":[28],"time":0.43} 
[2019-09-18 11:03:43] production.DEBUG: select * from `games` where `games`.`id` = ? limit 1 {"params":[27],"time":0.42} 
[2019-09-18 11:03:43] production.DEBUG: select * from `games` where `games`.`id` = ? limit 1 {"params":[26],"time":0.42} 
[2019-09-18 11:03:43] production.DEBUG: select * from `games` where `games`.`id` = ? limit 1 {"params":[25],"time":0.49} 
[2019-09-18 11:03:43] production.DEBUG: select * from `games` where `games`.`id` = ? limit 1 {"params":[24],"time":0.44} 
[2019-09-18 11:03:43] production.DEBUG: select * from `games` where `games`.`id` = ? limit 1 {"params":[23],"time":0.62} 
[2019-09-18 11:03:43] production.DEBUG: select * from `users` where `id` = ? limit 1 {"params":[1],"time":5.41} 
[2019-09-18 11:03:43] production.DEBUG: select * from `users` where `id` = ? limit 1 {"params":[1],"time":4.5} 
[2019-09-18 11:03:44] production.DEBUG: select * from `users` where `id` = ? limit 1 {"params":["1"],"time":3.17} 
[2019-09-18 11:03:44] production.DEBUG: select * from `users` where `id` = ? limit 1 {"params":[1],"time":0.5} 
[2019-09-18 11:03:44] production.DEBUG: select * from `accounts` where `accounts`.`user_id` = ? and `accounts`.`user_id` is not null limit 1 {"params":[1],"time":0.47} 
[2019-09-18 11:03:44] production.DEBUG: select * from `games` where `games`.`account_id` = ? and `games`.`account_id` is not null and `status` = ? {"params":[1,1],"time":0.58} 
[2019-09-18 11:03:44] production.DEBUG: select * from `game_blackjack` where `game_blackjack`.`id` in (?, ?) {"params":[1,2],"time":1.02} 
[2019-09-18 11:03:44] production.DEBUG: select * from `game_roulette` where `game_roulette`.`id` in (?, ?, ?, ?, ?, ?, ?, ?, ?, ?, ?, ?, ?, ?, ?, ?, ?, ?, ?, ?, ?, ?, ?, ?) {"params":[1,2,3,4,5,6,7,8,9,10,11,12,13,14,15,16,17,18,19,20,21,22,23,24],"time":0.65} 
[2019-09-18 11:03:44] production.DEBUG: select * from `game_keno` where `game_keno`.`id` in (?, ?, ?, ?, ?, ?) {"params":[1,2,3,4,5,6],"time":0.65} 
[2019-09-18 11:03:44] production.DEBUG: select * from `users` where `id` = ? limit 1 {"params":[1],"time":5} 
[2019-09-18 11:03:44] production.DEBUG: select * from `users` where `id` = ? limit 1 {"params":[1],"time":5.74} 
